<?xml version="1.0" encoding="UTF-8"?>
<testsuite name="MusicAdvisorTest" tests="1" skipped="0" failures="0" errors="0" timestamp="2023-07-03T21:37:34" hostname="EDCMXRDLT0164.local" time="2.26">
  <properties/>
  <testcase name="start" classname="MusicAdvisorTest" time="2.26"/>
  <system-out><![CDATA[?[1;31m
Start test 1?[0m
> auth
http://127.0.0.1:45678/authorize?client_id=6623a7ef869f41fc9bbd028c510bfe14&redirect_uri=http://localhost:8080&response_type=code
?[0;34mTester: making requests to redirect uri: http://localhost:8080
waiting for code...
?[0m?[0;34mTester: done request 1: Authorization code not found. Try again.
waiting for code...
?[0m?[0;34mTester: done request 2: Authorization code not found. Try again.
waiting for code...
code received
?[0m?[0;34mTester: done request 3: Got the code. Return back to your program.
making http request for access_token...
{"access_token":"456456","token_type":"Bearer","expires_in":3600,"refresh_token":"567567","scope":""}
---SUCCESS---
> exit
Error: Invalid command.
?[1;31m
Start test 2?[0m
> auth
http://127.0.0.1:45678/authorize?client_id=6623a7ef869f41fc9bbd028c510bfe14&redirect_uri=http://localhost:8080&response_type=code
?[0;34mTester: making requests to redirect uri: http://localhost:8080
waiting for code...
?[0m?[0;34mTester: done request 1: Authorization code not found. Try again.
waiting for code...
?[0m?[0;34mTester: done request 2: Authorization code not found. Try again.
waiting for code...
code received
?[0m?[0;34mTester: done request 3: Got the code. Return back to your program.
making http request for access_token...
{"access_token":"456456","token_type":"Bearer","expires_in":3600,"refresh_token":"567567","scope":""}
---SUCCESS---
> categories
---CATEGORIES---
Top Lists
---PAGE 1 OF 3---
> next
---CATEGORIES---
Super Mood
---PAGE 2 OF 3---
> next
---CATEGORIES---
Party Time
---PAGE 3 OF 3---
> prev
---CATEGORIES---
Super Mood
---PAGE 2 OF 3---
> prev
---CATEGORIES---
Top Lists
---PAGE 1 OF 3---
?[1;31m
Start test 3?[0m
> auth
http://127.0.0.1:45678/authorize?client_id=6623a7ef869f41fc9bbd028c510bfe14&redirect_uri=http://localhost:8080&response_type=code
?[0;34mTester: making requests to redirect uri: http://localhost:8080
waiting for code...
?[0m?[0;34mTester: done request 1: Authorization code not found. Try again.
waiting for code...
?[0m?[0;34mTester: done request 2: Authorization code not found. Try again.
waiting for code...
code received
?[0m?[0;34mTester: done request 3: Got the code. Return back to your program.
making http request for access_token...
{"access_token":"456456","token_type":"Bearer","expires_in":3600,"refresh_token":"567567","scope":""}
---SUCCESS---
> featured
---FEATURED---
Monday Morning Mood
http://open.spotify.com/user/spotify/playlist/6ftJBzU2LLQcaKefMi7ee7

---PAGE 1 OF 2---
> next
---FEATURED---
Upp och hoppa!
http://open.spotify.com/user/spotify__sverige/playlist/4uOEx4OUrkoGNZoIlWMUbO

---PAGE 2 OF 2---
> prev
---FEATURED---
Monday Morning Mood
http://open.spotify.com/user/spotify/playlist/6ftJBzU2LLQcaKefMi7ee7

---PAGE 1 OF 2---
> exit
Error: Invalid command.
?[1;31m
Start test 4?[0m
> auth
http://127.0.0.1:45678/authorize?client_id=6623a7ef869f41fc9bbd028c510bfe14&redirect_uri=http://localhost:8080&response_type=code
?[0;34mTester: making requests to redirect uri: http://localhost:8080
waiting for code...
?[0m?[0;34mTester: done request 1: Authorization code not found. Try again.
waiting for code...
?[0m?[0;34mTester: done request 2: Authorization code not found. Try again.
waiting for code...
code received
?[0m?[0;34mTester: done request 3: Got the code. Return back to your program.
making http request for access_token...
{"access_token":"456456","token_type":"Bearer","expires_in":3600,"refresh_token":"567567","scope":""}
---SUCCESS---
> new
---NEW RELEASES---
Runnin'
[Pharrell Williams]
https://open.spotify.com/album/5ZX4m5aVSmWQ5iHAPQpT71

---PAGE 1 OF 2---
> prev
No more pages.
> next
---NEW RELEASES---
Sneakin'
[Drake2]
https://open.spotify.com/album/0geTzdk2InlqIoB16fW9Nd

---PAGE 2 OF 2---
> next
No more pages.
> prev
---NEW RELEASES---
Runnin'
[Pharrell Williams]
https://open.spotify.com/album/5ZX4m5aVSmWQ5iHAPQpT71

---PAGE 1 OF 2---
> exit
Error: Invalid command.
> new
---NEW RELEASES---
Runnin'
[Pharrell Williams]
https://open.spotify.com/album/5ZX4m5aVSmWQ5iHAPQpT71

---PAGE 1 OF 2---
> prev
No more pages.
> next
---NEW RELEASES---
Sneakin'
[Drake2]
https://open.spotify.com/album/0geTzdk2InlqIoB16fW9Nd

---PAGE 2 OF 2---
> next
No more pages.
> prev
---NEW RELEASES---
Runnin'
[Pharrell Williams]
https://open.spotify.com/album/5ZX4m5aVSmWQ5iHAPQpT71

---PAGE 1 OF 2---
> exit
Error: Invalid command.
?[1;31m
Start test 5?[0m
> auth
http://127.0.0.1:45678/authorize?client_id=6623a7ef869f41fc9bbd028c510bfe14&redirect_uri=http://localhost:8080&response_type=code
?[0;34mTester: making requests to redirect uri: http://localhost:8080
waiting for code...
?[0m?[0;34mTester: done request 1: Authorization code not found. Try again.
waiting for code...
?[0m?[0;34mTester: done request 2: Authorization code not found. Try again.
waiting for code...
code received
?[0m?[0;34mTester: done request 3: Got the code. Return back to your program.
making http request for access_token...
{"access_token":"456456","token_type":"Bearer","expires_in":3600,"refresh_token":"567567","scope":""}
---SUCCESS---
> playlists Party Time
---FEATURED---
Noite Eletronica
http://open.spotify.com/user/spotifybrazilian/playlist/4k7EZPI3uKMz4aRRrLVfen

---PAGE 1 OF 2---
> next
---FEATURED---
Festa Indie
http://open.spotify.com/user/spotifybrazilian/playlist/4HZh0C9y80GzHDbHZyX770

---PAGE 2 OF 2---
> prev
---FEATURED---
Noite Eletronica
http://open.spotify.com/user/spotifybrazilian/playlist/4k7EZPI3uKMz4aRRrLVfen

---PAGE 1 OF 2---
> exit
Error: Invalid command.
]]></system-out>
  <system-err><![CDATA[]]></system-err>
</testsuite>
